* installing *source* package ‘netify’ ...
** this is package ‘netify’ version ‘0.1.1’
** using staged installation
** libs
using C++ compiler: ‘Apple clang version 16.0.0 (clang-1600.0.26.6)’
using SDK: ‘MacOSX15.2.sdk’
make: Nothing to be done for `all'.
installing to /Users/sminhas/Research/netify_dev/netify/..Rcheck/00LOCK-netify/00new/netify/libs
** R
** data
** byte-compile and prepare package for lazy loading
** help
*** installing help indices
*** copying figures
** building package indices
** installing vignettes
** testing if installed package can be loaded from temporary location
** checking absolute paths in shared objects and dynamic libraries
** testing if installed package can be loaded from final location
** testing if installed package keeps a record of temporary installation path
* DONE (netify)
